{
  "RSpec": {
    "coverage": {
      "/home/local/strohm/Desktop/Ruby kurssi/Harjoitustyo/ratebeer/app/helpers/application_helper.rb": [
        1,
        null
      ],
      "/home/local/strohm/Desktop/Ruby kurssi/Harjoitustyo/ratebeer/app/helpers/beer_clubs_helper.rb": [
        1,
        null
      ],
      "/home/local/strohm/Desktop/Ruby kurssi/Harjoitustyo/ratebeer/app/helpers/beers_helper.rb": [
        1,
        null
      ],
      "/home/local/strohm/Desktop/Ruby kurssi/Harjoitustyo/ratebeer/app/helpers/breweries_helper.rb": [
        1,
        null
      ],
      "/home/local/strohm/Desktop/Ruby kurssi/Harjoitustyo/ratebeer/app/helpers/memberships_helper.rb": [
        1,
        null
      ],
      "/home/local/strohm/Desktop/Ruby kurssi/Harjoitustyo/ratebeer/app/helpers/users_helper.rb": [
        1,
        null
      ],
      "/home/local/strohm/Desktop/Ruby kurssi/Harjoitustyo/ratebeer/app/models/beer.rb": [
        1,
        1,
        1,
        1,
        1,
        1,
        1,
        1,
        2,
        null,
        null
      ],
      "/home/local/strohm/Desktop/Ruby kurssi/Harjoitustyo/ratebeer/app/models/application_record.rb": [
        1,
        1,
        null
      ],
      "/home/local/strohm/Desktop/Ruby kurssi/Harjoitustyo/ratebeer/app/models/concerns/rating_average.rb": [
        1,
        1,
        null,
        1,
        11,
        null,
        11,
        null,
        null
      ],
      "/home/local/strohm/Desktop/Ruby kurssi/Harjoitustyo/ratebeer/app/models/user.rb": [
        1,
        1,
        1,
        1,
        1,
        1,
        1,
        1,
        1,
        1,
        3,
        null,
        2,
        null,
        null,
        1,
        12,
        null,
        11,
        11,
        25,
        11,
        14,
        14,
        11,
        11,
        null,
        null,
        11,
        null,
        null,
        1,
        12,
        null,
        11,
        11,
        24,
        11,
        13,
        13,
        12,
        12,
        null,
        null,
        11,
        null,
        null
      ],
      "/home/local/strohm/Desktop/Ruby kurssi/Harjoitustyo/ratebeer/app/models/brewery.rb": [
        1,
        1,
        1,
        1,
        1,
        49,
        null,
        1,
        0,
        0,
        0,
        null,
        null,
        1,
        0,
        0,
        null,
        null
      ],
      "/home/local/strohm/Desktop/Ruby kurssi/Harjoitustyo/ratebeer/app/models/style.rb": [
        1,
        1,
        null
      ],
      "/home/local/strohm/Desktop/Ruby kurssi/Harjoitustyo/ratebeer/app/controllers/sessions_controller.rb": [
        1,
        1,
        null,
        null,
        1,
        11,
        11,
        10,
        10,
        null,
        1,
        null,
        null,
        null,
        1,
        0,
        0,
        null,
        null
      ],
      "/home/local/strohm/Desktop/Ruby kurssi/Harjoitustyo/ratebeer/app/controllers/application_controller.rb": [
        1,
        1,
        null,
        1,
        212,
        null,
        153,
        null,
        null,
        1,
        4,
        null,
        null
      ],
      "/home/local/strohm/Desktop/Ruby kurssi/Harjoitustyo/ratebeer/app/controllers/users_controller.rb": [
        1,
        1,
        null,
        null,
        null,
        1,
        0,
        null,
        null,
        null,
        null,
        1,
        null,
        null,
        null,
        1,
        1,
        null,
        null,
        null,
        1,
        null,
        null,
        null,
        null,
        1,
        1,
        1,
        1,
        2,
        1,
        null,
        0,
        0,
        null,
        null,
        null,
        null,
        null,
        null,
        1,
        0,
        0,
        0,
        0,
        0,
        null,
        0,
        0,
        null,
        null,
        null,
        0,
        null,
        null,
        null,
        null,
        null,
        1,
        0,
        0,
        0,
        0,
        0,
        0,
        null,
        null,
        0,
        null,
        null,
        null,
        1,
        null,
        null,
        1,
        17,
        null,
        null,
        null,
        1,
        1,
        null,
        null
      ],
      "/home/local/strohm/Desktop/Ruby kurssi/Harjoitustyo/ratebeer/app/models/rating.rb": [
        1,
        1,
        1,
        1,
        1,
        21,
        null,
        null
      ],
      "/home/local/strohm/Desktop/Ruby kurssi/Harjoitustyo/ratebeer/app/models/membership.rb": [
        1,
        1,
        1,
        null
      ],
      "/home/local/strohm/Desktop/Ruby kurssi/Harjoitustyo/ratebeer/app/models/beer_club.rb": [
        1,
        1,
        1,
        1,
        null
      ],
      "/home/local/strohm/Desktop/Ruby kurssi/Harjoitustyo/ratebeer/app/controllers/beers_controller.rb": [
        1,
        1,
        1,
        1,
        null,
        null,
        1,
        1,
        null,
        null,
        null,
        null,
        1,
        0,
        0,
        null,
        null,
        null,
        1,
        2,
        null,
        null,
        null,
        1,
        null,
        null,
        null,
        null,
        1,
        2,
        null,
        2,
        2,
        2,
        1,
        null,
        2,
        1,
        null,
        null,
        null,
        null,
        null,
        null,
        1,
        0,
        0,
        0,
        0,
        null,
        0,
        0,
        null,
        null,
        null,
        null,
        null,
        null,
        1,
        0,
        0,
        0,
        0,
        null,
        null,
        null,
        1,
        null,
        null,
        1,
        0,
        null,
        null,
        null,
        1,
        2,
        null,
        null,
        1,
        4,
        4,
        null,
        null
      ],
      "/home/local/strohm/Desktop/Ruby kurssi/Harjoitustyo/ratebeer/app/controllers/breweries_controller.rb": [
        1,
        1,
        1,
        null,
        null,
        1,
        3,
        3,
        null,
        null,
        null,
        null,
        1,
        null,
        null,
        null,
        1,
        0,
        null,
        null,
        null,
        1,
        null,
        null,
        null,
        null,
        1,
        0,
        null,
        0,
        0,
        0,
        0,
        null,
        0,
        0,
        null,
        null,
        null,
        null,
        null,
        null,
        1,
        0,
        0,
        0,
        0,
        null,
        0,
        0,
        null,
        null,
        null,
        null,
        null,
        null,
        1,
        0,
        0,
        0,
        0,
        null,
        null,
        null,
        1,
        null,
        null,
        1,
        1,
        null,
        null,
        null,
        1,
        0,
        null,
        null
      ],
      "/home/local/strohm/Desktop/Ruby kurssi/Harjoitustyo/ratebeer/lib/beermapping_api.rb": [
        1,
        1,
        0,
        0,
        0,
        null,
        null,
        null,
        1,
        5,
        null,
        9,
        null,
        null,
        1,
        4,
        null,
        4,
        4,
        null,
        4,
        null,
        3,
        3,
        14,
        null,
        null,
        null,
        1,
        4,
        4,
        null,
        null,
        null
      ],
      "/home/local/strohm/Desktop/Ruby kurssi/Harjoitustyo/ratebeer/app/models/place.rb": [
        1,
        1,
        5,
        null,
        null
      ],
      "/home/local/strohm/Desktop/Ruby kurssi/Harjoitustyo/ratebeer/app/controllers/places_controller.rb": [
        1,
        1,
        null,
        null,
        1,
        0,
        null,
        null,
        1,
        3,
        3,
        1,
        null,
        2,
        null,
        null,
        null
      ],
      "/home/local/strohm/Desktop/Ruby kurssi/Harjoitustyo/ratebeer/app/controllers/ratings_controller.rb": [
        1,
        1,
        2,
        null,
        null,
        1,
        1,
        1,
        null,
        null,
        1,
        1,
        1,
        1,
        0,
        1,
        1,
        null,
        0,
        0,
        null,
        null,
        null,
        1,
        1,
        1,
        1,
        null,
        null
      ],
      "/home/local/strohm/Desktop/Ruby kurssi/Harjoitustyo/ratebeer/app/jobs/application_job.rb": [
        0,
        0
      ],
      "/home/local/strohm/Desktop/Ruby kurssi/Harjoitustyo/ratebeer/app/mailers/application_mailer.rb": [
        0,
        0,
        0,
        0
      ],
      "/home/local/strohm/Desktop/Ruby kurssi/Harjoitustyo/ratebeer/app/controllers/beer_clubs_controller.rb": [
        0,
        0,
        0,
        null,
        null,
        null,
        0,
        0,
        0,
        null,
        null,
        null,
        0,
        0,
        0,
        0,
        0,
        0,
        0,
        0,
        null,
        null,
        0,
        0,
        0,
        null,
        null,
        0,
        0,
        null,
        null,
        null,
        0,
        0,
        null,
        0,
        0,
        0,
        0,
        0,
        0,
        0,
        0,
        0,
        0,
        null,
        null,
        null,
        0,
        0,
        0,
        0,
        0,
        0,
        0,
        0,
        0,
        0,
        0,
        null,
        null,
        null,
        0,
        0,
        0,
        0,
        0,
        0,
        0,
        null,
        0,
        null,
        null,
        0,
        0,
        0,
        null,
        null,
        0,
        0,
        0,
        0
      ],
      "/home/local/strohm/Desktop/Ruby kurssi/Harjoitustyo/ratebeer/app/controllers/memberships_controller.rb": [
        0,
        0,
        null,
        null,
        null,
        0,
        0,
        0,
        null,
        null,
        null,
        0,
        0,
        null,
        null,
        0,
        0,
        0,
        0,
        null,
        null,
        0,
        0,
        null,
        null,
        null,
        0,
        0,
        0,
        0,
        0,
        0,
        0,
        0,
        0,
        0,
        0,
        0,
        0,
        0,
        0,
        0,
        0,
        null,
        null,
        null,
        0,
        0,
        0,
        0,
        0,
        0,
        0,
        0,
        0,
        0,
        0,
        null,
        null,
        null,
        0,
        0,
        0,
        0,
        0,
        0,
        0,
        0,
        null,
        0,
        null,
        null,
        0,
        0,
        0,
        null,
        null,
        0,
        0,
        0,
        0
      ],
      "/home/local/strohm/Desktop/Ruby kurssi/Harjoitustyo/ratebeer/app/controllers/styles_controller.rb": [
        0,
        0,
        0,
        0,
        null,
        0,
        0,
        0,
        0
      ],
      "/home/local/strohm/Desktop/Ruby kurssi/Harjoitustyo/ratebeer/app/channels/application_cable/channel.rb": [
        0,
        0,
        0,
        0
      ],
      "/home/local/strohm/Desktop/Ruby kurssi/Harjoitustyo/ratebeer/app/channels/application_cable/connection.rb": [
        0,
        0,
        0,
        0
      ]
    },
    "timestamp": 1538942985
  }
}
